<?xml version="1.0" encoding="UTF-8"?>
<!-- Generated by org.testng.reporters.JUnitReportReporter -->
<testsuite hostname="Deepak" failures="0" tests="2" name="testCases.TC002_LoginTest" time="7.736" errors="0" timestamp="2024-10-26T19:19:38 IST" skipped="0">
  <testcase classname="testCases.TC002_LoginTest" name="verify_login" time="2.949"/>
  <testcase classname="testCases.TC002_LoginTest" name="verify_login" time="4.787"/>
</testsuite> <!-- testCases.TC002_LoginTest -->
