<?xml version="1.0" encoding="UTF-8"?>
<!-- Generated by org.testng.reporters.JUnitReportReporter -->
<testsuite hostname="Deepak" failures="0" tests="2" name="testCases.TC001_AccountRegistrationTest" time="12.013" errors="0" timestamp="2024-10-26T19:19:38 IST" skipped="0">
  <testcase classname="testCases.TC001_AccountRegistrationTest" name="verify_account_registration" time="5.903"/>
  <testcase classname="testCases.TC001_AccountRegistrationTest" name="verify_account_registration" time="6.110"/>
</testsuite> <!-- testCases.TC001_AccountRegistrationTest -->
