<?xml version="1.0" encoding="UTF-8"?>
<!-- Generated by org.testng.reporters.JUnitReportReporter -->
<testsuite hostname="DESKTOP-FBA9DIB" failures="0" tests="5" name="testCases.TC003_LoginDDT" time="35.717" errors="0" timestamp="2024-10-24T23:30:31 IST" skipped="0">
  <testcase classname="testCases.TC003_LoginDDT" name="verifyLoginPage_DDT" time="6.062"/>
  <testcase classname="testCases.TC003_LoginDDT" name="verifyLoginPage_DDT" time="2.720"/>
  <testcase classname="testCases.TC003_LoginDDT" name="verifyLoginPage_DDT" time="2.852"/>
  <testcase classname="testCases.TC003_LoginDDT" name="verifyLoginPage_DDT" time="11.734"/>
  <testcase classname="testCases.TC003_LoginDDT" name="verifyLoginPage_DDT" time="12.349"/>
</testsuite> <!-- testCases.TC003_LoginDDT -->
